<?xml version="1.0" encoding="UTF-8"?>
<!-- Generated by org.testng.reporters.JUnitReportReporter -->
<testsuite hostname="Gurpreet" failures="0" tests="3" name="assignments.AssignmentScriptswithTestNG" time="49.327" errors="0" timestamp="2024-12-16T21:29:06 EST" skipped="0">
  <testcase classname="assignments.AssignmentScriptswithTestNG" name="enterEmail" time="16.171"/>
  <testcase classname="assignments.AssignmentScriptswithTestNG" name="verifyTitle" time="17.565"/>
  <testcase classname="assignments.AssignmentScriptswithTestNG" name="verifyErrorMessage" time="15.591"/>
</testsuite> <!-- assignments.AssignmentScriptswithTestNG -->
